#
# A fatal error has been detected by the Java Runtime Environment:
#
#  SIGSEGV (0xb) at pc=0x000000010c0d5e83, pid=61323, tid=0x0000000000002a03
#
# JRE version: OpenJDK Runtime Environment (8.0_112-b06) (build 1.8.0_112-release-b06)
# Java VM: OpenJDK 64-Bit Server VM (25.112-b06 mixed mode bsd-amd64 compressed oops)
# Problematic frame:
# V  [libjvm.dylib+0x491e83]
#
# Failed to write core dump. Core dumps have been disabled. To enable core dumping, try "ulimit -c unlimited" before starting Java again
#
# If you would like to submit a bug report, please visit:
#   http://bugreport.java.com/bugreport/crash.jsp
#

---------------  T H R E A D  ---------------

Current thread (0x00007fb22280e000):  VMThread [stack: 0x0000700000423000,0x0000700000523000] [id=10755]

siginfo: si_signo: 11 (SIGSEGV), si_code: 0 (unknown), si_addr: 0x0000000000000000

Registers:
RAX=0x000000010c4cffc8, RBX=0x0000000760000000, RCX=0x00009f5ffffc0360, RDX=0x000000010c4cffc8
RSP=0x00007000005226c0, RBP=0x00007000005226f0, RSI=0x0000000000000000, RDI=0x000000010c4cff50
R8 =0x0000000765a80000, R9 =0x000000010c4cffa8, R10=0x000000010c793000, R11=0x000000010c793000
R12=0x00001fdfffff33e0, R13=0x00007fb22241cfa0, R14=0x000000010c4cffa8, R15=0x000000010c4cff50
RIP=0x000000010c0d5e83, EFLAGS=0x0000000000010202, ERR=0x0000000000000000
  TRAPNO=0x000000000000000d

Top of Stack: (sp=0x00007000005226c0)
0x00007000005226c0:   0000700000522700 0000000000000000
0x00007000005226d0:   000000010c4cff50 00007fb22241cfa0
0x00007000005226e0:   0000000f900174a8 0000000106002e95
0x00007000005226f0:   0000700000522730 000000010c0d5f97
0x0000700000522700:   0000700000522740 000000010c4cffc8
0x0000700000522710:   000000010c4cff50 00007fb22241cfa0
0x0000700000522720:   0000000000000000 000000010c4cffa0
0x0000700000522730:   0000700000522780 000000010c0d65b8
0x0000700000522740:   0000000765a80000 000000010c4cffa8
0x0000700000522750:   000000010c4d0110 0000000000000000
0x0000700000522760:   0000000000000017 0000000000002a00
0x0000700000522770:   00007fb222425640 0000700000522a01
0x0000700000522780:   0000700000522800 000000010c0d936c
0x0000700000522790:   00007fb200000002 00007fb2224253d0
0x00007000005227a0:   0000000000000002 000000010c21f52a
0x00007000005227b0:   0000700000520100 000000010c21f556
0x00007000005227c0:   0000022e836d0100 000000010c4d0110
0x00007000005227d0:   0000022f26899cac 00007fb22241d480
0x00007000005227e0:   0000000000000017 0000000000002a00
0x00007000005227f0:   00007fb222425640 0000700000522a01
0x0000700000522800:   0000700000522ac0 000000010c0d9f74
0x0000700000522810:   00007fff00000001 00007fb200000001
0x0000700000522820:   00007fb200000001 0000000100000001
0x0000700000522830:   0000700001960000 00007fb222506ab0
0x0000700000522840:   0000022e82fbdc8b 00007fb222425640
0x0000700000522850:   0000001700000000 00007fb222506d10
0x0000700000522860:   00007fb22241c330 00007fb22241d480
0x0000700000522870:   00007fb2225068e0 0000700001960000
0x0000700000522880:   000000010c4d0300 0000022e1a2d9c03
0x0000700000522890:   0101010101010100 000000000000000e
0x00007000005228a0:   00000000693b2f46 0000022e1a2d391c
0x00007000005228b0:   0101010101010101 00007fb200000017 

Instructions: (pc=0x000000010c0d5e83)
0x000000010c0d5e63:   08 49 89 f4 49 89 cd eb 78 48 8d 1c b6 4d 8b 64
0x000000010c0d5e73:   da 10 49 8b 1f 49 29 dc 49 c1 ec 13 4b 8d 0c a4
0x000000010c0d5e83:   41 8b 54 ca 18 4d 8b 2c ca 49 8d b4 d5 f8 ff 07
0x000000010c0d5e93:   00 48 81 e6 00 00 f8 ff 48 29 de 48 c1 ee 13 49 

Register to memory mapping:

RAX=0x000000010c4cffc8: _ZN17PSParallelCompact11_space_infoE+0x28 in /Applications/Android Studio.app/Contents/jre/jdk/Contents/Home/jre/lib/server/libjvm.dylib at 0x000000010bc44000
RBX=0x0000000760000000 is an oop
java.lang.String 
 - klass: 'java/lang/String'
RCX=0x00009f5ffffc0360 is an unknown value
RDX=0x000000010c4cffc8: _ZN17PSParallelCompact11_space_infoE+0x28 in /Applications/Android Studio.app/Contents/jre/jdk/Contents/Home/jre/lib/server/libjvm.dylib at 0x000000010bc44000
RSP=0x00007000005226c0 is an unknown value
RBP=0x00007000005226f0 is an unknown value
RSI=0x0000000000000000 is an unknown value
RDI=0x000000010c4cff50: _ZN17PSParallelCompact13_summary_dataE+0 in /Applications/Android Studio.app/Contents/jre/jdk/Contents/Home/jre/lib/server/libjvm.dylib at 0x000000010bc44000
R8 =0x0000000765a80000 is an unallocated location in the heap
R9 =0x000000010c4cffa8: _ZN17PSParallelCompact11_space_infoE+0x8 in /Applications/Android Studio.app/Contents/jre/jdk/Contents/Home/jre/lib/server/libjvm.dylib at 0x000000010bc44000
R10=0x000000010c793000 is an unknown value
R11=0x000000010c793000 is an unknown value
R12=0x00001fdfffff33e0 is an unknown value
R13=0x00007fb22241cfa0 is an unknown value
R14=0x000000010c4cffa8: _ZN17PSParallelCompact11_space_infoE+0x8 in /Applications/Android Studio.app/Contents/jre/jdk/Contents/Home/jre/lib/server/libjvm.dylib at 0x000000010bc44000
R15=0x000000010c4cff50: _ZN17PSParallelCompact13_summary_dataE+0 in /Applications/Android Studio.app/Contents/jre/jdk/Contents/Home/jre/lib/server/libjvm.dylib at 0x000000010bc44000


Stack: [0x0000700000423000,0x0000700000523000],  sp=0x00007000005226c0,  free space=1021k
Native frames: (J=compiled Java code, j=interpreted, Vv=VM code, C=native code)
V  [libjvm.dylib+0x491e83]
V  [libjvm.dylib+0x491f97]
V  [libjvm.dylib+0x4925b8]
V  [libjvm.dylib+0x49536c]
V  [libjvm.dylib+0x495f74]
V  [libjvm.dylib+0x49a4f4]
V  [libjvm.dylib+0x46d3e5]
V  [libjvm.dylib+0x57f59c]
V  [libjvm.dylib+0x5856ed]
V  [libjvm.dylib+0x58410f]
V  [libjvm.dylib+0x584584]
V  [libjvm.dylib+0x583e7b]
V  [libjvm.dylib+0x45bf0a]
C  [libsystem_pthread.dylib+0x399d]  _pthread_body+0x83
C  [libsystem_pthread.dylib+0x391a]  _pthread_body+0x0
C  [libsystem_pthread.dylib+0x1351]  thread_start+0xd

VM_Operation (0x000070000134eb08): ParallelGCFailedAllocation, mode: safepoint, requested by thread 0x00007fb225df5800


---------------  P R O C E S S  ---------------

Java Threads: ( => current thread )
  0x00007fb224cfc000 JavaThread "pool-74-thread-4" [_thread_blocked, id=29735, stack(0x0000700002200000,0x0000700002300000)]
  0x00007fb2258ac000 JavaThread "pool-74-thread-3" [_thread_blocked, id=27415, stack(0x00007000020fd000,0x00007000021fd000)]
  0x00007fb225bfa000 JavaThread "pool-74-thread-2" [_thread_blocked, id=29471, stack(0x0000700001ffa000,0x00007000020fa000)]
  0x00007fb2246b9000 JavaThread "pool-75-thread-1" [_thread_blocked, id=33323, stack(0x0000700001ef7000,0x0000700001ff7000)]
  0x00007fb222a55800 JavaThread "pool-74-thread-1" [_thread_blocked, id=33067, stack(0x0000700001cf1000,0x0000700001df1000)]
  0x00007fb224db5000 JavaThread "pool-69-thread-1" [_thread_blocked, id=32047, stack(0x0000700001df4000,0x0000700001ef4000)]
  0x00007fb225df5800 JavaThread "pool-68-thread-1" [_thread_blocked, id=32839, stack(0x0000700001250000,0x0000700001350000)]
  0x00007fb225a9b800 JavaThread "pool-12-thread-4" [_thread_blocked, id=19991, stack(0x0000700001b6b000,0x0000700001c6b000)]
  0x00007fb222a35800 JavaThread "pool-12-thread-3" [_thread_blocked, id=22031, stack(0x0000700001a68000,0x0000700001b68000)]
  0x00007fb225d7f000 JavaThread "pool-12-thread-2" [_thread_blocked, id=22283, stack(0x0000700001965000,0x0000700001a65000)]
  0x00007fb22327e800 JavaThread "pool-12-thread-1" [_thread_blocked, id=18447, stack(0x0000700001862000,0x0000700001962000)]
  0x00007fb224c6d000 JavaThread "pool-8-thread-2" [_thread_blocked, id=4887, stack(0x000070000175f000,0x000070000185f000)]
  0x00007fb223626000 JavaThread "pool-8-thread-1" [_thread_blocked, id=21003, stack(0x000070000165c000,0x000070000175c000)]
  0x00007fb22440e800 JavaThread "Cache update executor" [_thread_blocked, id=27655, stack(0x0000700001559000,0x0000700001659000)]
  0x00007fb2234ec800 JavaThread "Asynchronous log dispatcher for DefaultDaemonConnection: socket connection from /127.0.0.1:50681 to /127.0.0.1:51302" [_thread_blocked, id=25607, stack(0x000070000114d000,0x000070000124d000)]
  0x00007fb2234eb800 JavaThread "Daemon worker Thread 2" [_thread_blocked, id=26631, stack(0x000070000104a000,0x000070000114a000)]
  0x00007fb223777800 JavaThread "Cancel handler" [_thread_blocked, id=26119, stack(0x0000700000f47000,0x0000700001047000)]
  0x00007fb22459d000 JavaThread "Handler for socket connection from /127.0.0.1:50681 to /127.0.0.1:51302" [_thread_in_native, id=18951, stack(0x0000700000e44000,0x0000700000f44000)]
  0x00007fb223772800 JavaThread "Daemon Thread 2" [_thread_blocked, id=13839, stack(0x0000700000d41000,0x0000700000e41000)]
  0x00007fb222ebd000 JavaThread "File lock request listener" [_thread_in_native, id=21515, stack(0x0000700001456000,0x0000700001556000)]
  0x00007fb222d3f000 JavaThread "pool-1-thread-1" [_thread_blocked, id=20487, stack(0x0000700001353000,0x0000700001453000)]
  0x00007fb222952000 JavaThread "Incoming local TCP Connector on port 50681" [_thread_in_native, id=12807, stack(0x000070000072c000,0x000070000082c000)]
  0x00007fb2228b9800 JavaThread "Service Thread" daemon [_thread_blocked, id=17411, stack(0x0000700000b3b000,0x0000700000c3b000)]
  0x00007fb22286c000 JavaThread "C1 CompilerThread1" daemon [_thread_blocked, id=16899, stack(0x0000700000a38000,0x0000700000b38000)]
  0x00007fb22286b000 JavaThread "C2 CompilerThread0" daemon [_thread_blocked, id=16387, stack(0x0000700000935000,0x0000700000a35000)]
  0x00007fb22303c800 JavaThread "Signal Dispatcher" daemon [_thread_blocked, id=15879, stack(0x0000700000832000,0x0000700000932000)]
  0x00007fb223031000 JavaThread "Finalizer" daemon [_thread_blocked, id=11779, stack(0x0000700000629000,0x0000700000729000)]
  0x00007fb222843800 JavaThread "Reference Handler" daemon [_thread_blocked, id=11267, stack(0x0000700000526000,0x0000700000626000)]
  0x00007fb223001800 JavaThread "main" [_thread_blocked, id=6403, stack(0x000070000011a000,0x000070000021a000)]

Other Threads:
=>0x00007fb22280e000 VMThread [stack: 0x0000700000423000,0x0000700000523000] [id=10755]
  0x00007fb223033800 WatcherThread [stack: 0x0000700000c3e000,0x0000700000d3e000] [id=17923]

VM state:at safepoint (normal execution)

VM Mutex/Monitor currently owned by a thread:  ([mutex/lock_event])
[0x00007fb22241a860] Threads_lock - owner thread: 0x00007fb22280e000
[0x00007fb22241ad60] Heap_lock - owner thread: 0x00007fb225df5800

Heap:
 PSYoungGen      total 223232K, used 44006K [0x00000007a0000000, 0x00000007b3f80000, 0x00000007c0000000)
  eden space 179200K, 0% used [0x00000007a0000000,0x00000007a0000000,0x00000007aaf00000)
  from space 44032K, 99% used [0x00000007aaf00000,0x00000007ad9f98f0,0x00000007ada00000)
  to   space 55296K, 0% used [0x00000007b0980000,0x00000007b0980000,0x00000007b3f80000)
 ParOldGen       total 92672K, used 86327K [0x0000000760000000, 0x0000000765a80000, 0x00000007a0000000)
  object space 92672K, 93% used [0x0000000760000000,0x000000076544de40,0x0000000765a80000)
 Metaspace       used 73024K, capacity 76128K, committed 76416K, reserved 1116160K
  class space    used 9378K, capacity 10007K, committed 10112K, reserved 1048576K

Card table byte_map: [0x000000011bfc0000,0x000000011c2c1000] byte_map_base: 0x00000001184c0000

Marking Bits: (ParMarkBitMap*) 0x000000010c4cfed0
 Begin Bits: [0x000000011c4c1000, 0x000000011dcc1000)
 End Bits:   [0x000000011dcc1000, 0x000000011f4c1000)

Polling page: 0x000000010c780000

CodeCache: size=245760Kb used=34251Kb max_used=34251Kb free=211508Kb
 bounds [0x000000010cc00000, 0x000000010edb0000, 0x000000011bc00000]
 total_blobs=12825 nmethods=12031 adapters=708
 compilation: enabled

Compilation events (10 events):
Event: 2396.988 Thread 0x00007fb22286c000 16130       2       com.android.dx.rop.code.SwitchInsn::withNewRegisters (22 bytes)
Event: 2396.989 Thread 0x00007fb22286c000 nmethod 16130 0x000000010eda0490 code [0x000000010eda0600, 0x000000010eda07e8]
Event: 2396.989 Thread 0x00007fb22286c000 16129       2       com.android.dx.ssa.ConstCollector$1::compare (42 bytes)
Event: 2396.989 Thread 0x00007fb22286c000 nmethod 16129 0x000000010eda08d0 code [0x000000010eda0aa0, 0x000000010eda0e58]
Event: 2396.989 Thread 0x00007fb22286c000 16143       2       com.android.dx.rop.code.SwitchInsn::accept (8 bytes)
Event: 2396.989 Thread 0x00007fb22286c000 nmethod 16143 0x000000010eda11d0 code [0x000000010eda1340, 0x000000010eda14c8]
Event: 2396.989 Thread 0x00007fb22286c000 16121       2       java.util.DualPivotQuicksort::sort (614 bytes)
Event: 2396.991 Thread 0x00007fb22286c000 nmethod 16121 0x000000010eda1550 code [0x000000010eda17a0, 0x000000010eda24f8]
Event: 2396.991 Thread 0x00007fb22286c000 16118   !   2       com.android.dx.dex.file.UniformListItem::getAlignment (40 bytes)
Event: 2396.992 Thread 0x00007fb22286c000 nmethod 16118 0x000000010eda38d0 code [0x000000010eda3a60, 0x000000010eda3d88]

GC Heap History (10 events):
Event: 2369.864 GC heap after
Heap after GC invocations=28 (full 3):
 PSYoungGen      total 186368K, used 15384K [0x00000007a0000000, 0x00000007ad580000, 0x00000007c0000000)
  eden space 164864K, 0% used [0x00000007a0000000,0x00000007a0000000,0x00000007aa100000)
  from space 21504K, 71% used [0x00000007aa100000,0x00000007ab0061d0,0x00000007ab600000)
  to   space 22528K, 0% used [0x00000007abf80000,0x00000007abf80000,0x00000007ad580000)
 ParOldGen       total 92672K, used 48515K [0x0000000760000000, 0x0000000765a80000, 0x00000007a0000000)
  object space 92672K, 52% used [0x0000000760000000,0x0000000762f60c58,0x0000000765a80000)
 Metaspace       used 71627K, capacity 74750K, committed 75008K, reserved 1114112K
  class space    used 9333K, capacity 9974K, committed 9984K, reserved 1048576K
}
Event: 2377.632 GC heap before
{Heap before GC invocations=29 (full 3):
 PSYoungGen      total 186368K, used 180248K [0x00000007a0000000, 0x00000007ad580000, 0x00000007c0000000)
  eden space 164864K, 100% used [0x00000007a0000000,0x00000007aa100000,0x00000007aa100000)
  from space 21504K, 71% used [0x00000007aa100000,0x00000007ab0061d0,0x00000007ab600000)
  to   space 22528K, 0% used [0x00000007abf80000,0x00000007abf80000,0x00000007ad580000)
 ParOldGen       total 92672K, used 48515K [0x0000000760000000, 0x0000000765a80000, 0x00000007a0000000)
  object space 92672K, 52% used [0x0000000760000000,0x0000000762f60c58,0x0000000765a80000)
 Metaspace       used 72392K, capacity 75488K, committed 75904K, reserved 1116160K
  class space    used 9374K, capacity 10007K, committed 10112K, reserved 1048576K
Event: 2378.090 GC heap after
Heap after GC invocations=29 (full 3):
 PSYoungGen      total 188416K, used 22496K [0x00000007a0000000, 0x00000007ae980000, 0x00000007c0000000)
  eden space 165888K, 0% used [0x00000007a0000000,0x00000007a0000000,0x00000007aa200000)
  from space 22528K, 99% used [0x00000007abf80000,0x00000007ad578008,0x00000007ad580000)
  to   space 30208K, 0% used [0x00000007aa200000,0x00000007aa200000,0x00000007abf80000)
 ParOldGen       total 92672K, used 61221K [0x0000000760000000, 0x0000000765a80000, 0x00000007a0000000)
  object space 92672K, 66% used [0x0000000760000000,0x0000000763bc9728,0x0000000765a80000)
 Metaspace       used 72392K, capacity 75488K, committed 75904K, reserved 1116160K
  class space    used 9374K, capacity 10007K, committed 10112K, reserved 1048576K
}
Event: 2385.647 GC heap before
{Heap before GC invocations=30 (full 3):
 PSYoungGen      total 188416K, used 188384K [0x00000007a0000000, 0x00000007ae980000, 0x00000007c0000000)
  eden space 165888K, 100% used [0x00000007a0000000,0x00000007aa200000,0x00000007aa200000)
  from space 22528K, 99% used [0x00000007abf80000,0x00000007ad578008,0x00000007ad580000)
  to   space 30208K, 0% used [0x00000007aa200000,0x00000007aa200000,0x00000007abf80000)
 ParOldGen       total 92672K, used 61221K [0x0000000760000000, 0x0000000765a80000, 0x00000007a0000000)
  object space 92672K, 66% used [0x0000000760000000,0x0000000763bc9728,0x0000000765a80000)
 Metaspace       used 72789K, capacity 75936K, committed 76160K, reserved 1116160K
  class space    used 9377K, capacity 10007K, committed 10112K, reserved 1048576K
Event: 2386.886 GC heap after
Heap after GC invocations=30 (full 3):
 PSYoungGen      total 196096K, used 27091K [0x00000007a0000000, 0x00000007afb00000, 0x00000007c0000000)
  eden space 165888K, 0% used [0x00000007a0000000,0x00000007a0000000,0x00000007aa200000)
  from space 30208K, 89% used [0x00000007aa200000,0x00000007abc74d48,0x00000007abf80000)
  to   space 33792K, 0% used [0x00000007ada00000,0x00000007ada00000,0x00000007afb00000)
 ParOldGen       total 92672K, used 61373K [0x0000000760000000, 0x0000000765a80000, 0x00000007a0000000)
  object space 92672K, 66% used [0x0000000760000000,0x0000000763bef738,0x0000000765a80000)
 Metaspace       used 72789K, capacity 75936K, committed 76160K, reserved 1116160K
  class space    used 9377K, capacity 10007K, committed 10112K, reserved 1048576K
}
Event: 2390.585 GC heap before
{Heap before GC invocations=31 (full 3):
 PSYoungGen      total 196096K, used 192979K [0x00000007a0000000, 0x00000007afb00000, 0x00000007c0000000)
  eden space 165888K, 100% used [0x00000007a0000000,0x00000007aa200000,0x00000007aa200000)
  from space 30208K, 89% used [0x00000007aa200000,0x00000007abc74d48,0x00000007abf80000)
  to   space 33792K, 0% used [0x00000007ada00000,0x00000007ada00000,0x00000007afb00000)
 ParOldGen       total 92672K, used 61373K [0x0000000760000000, 0x0000000765a80000, 0x00000007a0000000)
  object space 92672K, 66% used [0x0000000760000000,0x0000000763bef738,0x0000000765a80000)
 Metaspace       used 72868K, capacity 76000K, committed 76416K, reserved 1116160K
  class space    used 9378K, capacity 10007K, committed 10112K, reserved 1048576K
Event: 2391.766 GC heap after
Heap after GC invocations=31 (full 3):
 PSYoungGen      total 212992K, used 33773K [0x00000007a0000000, 0x00000007b1680000, 0x00000007c0000000)
  eden space 179200K, 0% used [0x00000007a0000000,0x00000007a0000000,0x00000007aaf00000)
  from space 33792K, 99% used [0x00000007ada00000,0x00000007afafb410,0x00000007afb00000)
  to   space 44032K, 0% used [0x00000007aaf00000,0x00000007aaf00000,0x00000007ada00000)
 ParOldGen       total 92672K, used 74788K [0x0000000760000000, 0x0000000765a80000, 0x00000007a0000000)
  object space 92672K, 80% used [0x0000000760000000,0x0000000764909228,0x0000000765a80000)
 Metaspace       used 72868K, capacity 76000K, committed 76416K, reserved 1116160K
  class space    used 9378K, capacity 10007K, committed 10112K, reserved 1048576K
}
Event: 2397.031 GC heap before
{Heap before GC invocations=32 (full 3):
 PSYoungGen      total 212992K, used 212973K [0x00000007a0000000, 0x00000007b1680000, 0x00000007c0000000)
  eden space 179200K, 100% used [0x00000007a0000000,0x00000007aaf00000,0x00000007aaf00000)
  from space 33792K, 99% used [0x00000007ada00000,0x00000007afafb410,0x00000007afb00000)
  to   space 44032K, 0% used [0x00000007aaf00000,0x00000007aaf00000,0x00000007ada00000)
 ParOldGen       total 92672K, used 74788K [0x0000000760000000, 0x0000000765a80000, 0x00000007a0000000)
  object space 92672K, 80% used [0x0000000760000000,0x0000000764909228,0x0000000765a80000)
 Metaspace       used 73024K, capacity 76128K, committed 76416K, reserved 1116160K
  class space    used 9378K, capacity 10007K, committed 10112K, reserved 1048576K
Event: 2398.796 GC heap after
Heap after GC invocations=32 (full 3):
 PSYoungGen      total 223232K, used 44006K [0x00000007a0000000, 0x00000007b3f80000, 0x00000007c0000000)
  eden space 179200K, 0% used [0x00000007a0000000,0x00000007a0000000,0x00000007aaf00000)
  from space 44032K, 99% used [0x00000007aaf00000,0x00000007ad9f98f0,0x00000007ada00000)
  to   space 55296K, 0% used [0x00000007b0980000,0x00000007b0980000,0x00000007b3f80000)
 ParOldGen       total 92672K, used 86327K [0x0000000760000000, 0x0000000765a80000, 0x00000007a0000000)
  object space 92672K, 93% used [0x0000000760000000,0x000000076544de40,0x0000000765a80000)
 Metaspace       used 73024K, capacity 76128K, committed 76416K, reserved 1116160K
  class space    used 9378K, capacity 10007K, committed 10112K, reserved 1048576K
}
Event: 2398.796 GC heap before
{Heap before GC invocations=33 (full 4):
 PSYoungGen      total 223232K, used 44006K [0x00000007a0000000, 0x00000007b3f80000, 0x00000007c0000000)
  eden space 179200K, 0% used [0x00000007a0000000,0x00000007a0000000,0x00000007aaf00000)
  from space 44032K, 99% used [0x00000007aaf00000,0x00000007ad9f98f0,0x00000007ada00000)
  to   space 55296K, 0% used [0x00000007b0980000,0x00000007b0980000,0x00000007b3f80000)
 ParOldGen       total 92672K, used 86327K [0x0000000760000000, 0x0000000765a80000, 0x00000007a0000000)
  object space 92672K, 93% used [0x0000000760000000,0x000000076544de40,0x0000000765a80000)
 Metaspace       used 73024K, capacity 76128K, committed 76416K, reserved 1116160K
  class space    used 9378K, capacity 10007K, committed 10112K, reserved 1048576K

Deoptimization events (10 events):
Event: 2370.306 Thread 0x00007fb223328800 Uncommon trap: reason=class_check action=maybe_recompile pc=0x000000010d23a20c method=com.android.dx.ssa.NormalSsaInsn.accept(Lcom/android/dx/ssa/SsaInsn$Visitor;)V @ 9
Event: 2370.306 Thread 0x00007fb223328800 Uncommon trap: reason=class_check action=maybe_recompile pc=0x000000010d23a20c method=com.android.dx.ssa.NormalSsaInsn.accept(Lcom/android/dx/ssa/SsaInsn$Visitor;)V @ 9
Event: 2370.802 Thread 0x00007fb224bd1000 Uncommon trap: reason=unstable_if action=reinterpret pc=0x000000010d4d881c method=com.android.dx.rop.cst.Constant.compareTo(Lcom/android/dx/rop/cst/Constant;)I @ 12
Event: 2371.678 Thread 0x00007fb223285000 Uncommon trap: reason=unstable_if action=reinterpret pc=0x000000010df18c50 method=com.android.dx.rop.code.RegisterSpec.equals(ILcom/android/dx/rop/type/TypeBearer;Lcom/android/dx/rop/code/LocalItem;)Z @ 42
Event: 2374.742 Thread 0x00007fb225a9b800 Uncommon trap: reason=null_check action=make_not_entrant pc=0x000000010d2957e0 method=com.android.dx.ssa.SsaRenamer.getLocalForNewReg(I)Lcom/android/dx/rop/code/LocalItem; @ 19
Event: 2374.782 Thread 0x00007fb225a9b800 Uncommon trap: reason=unstable_if action=reinterpret pc=0x000000010df60240 method=com.android.dx.rop.code.RegisterSpecSet.put(Lcom/android/dx/rop/code/RegisterSpec;)V @ 77
Event: 2385.028 Thread 0x00007fb222e2f800 Uncommon trap: reason=unstable_if action=reinterpret pc=0x000000010e70f334 method=java.util.concurrent.ConcurrentHashMap.addCount(JI)V @ 34
Event: 2385.029 Thread 0x00007fb223328800 Uncommon trap: reason=unstable_if action=reinterpret pc=0x000000010d1cf680 method=java.util.concurrent.ConcurrentHashMap.addCount(JI)V @ 7
Event: 2389.295 Thread 0x00007fb225d7f000 Uncommon trap: reason=unstable_if action=reinterpret pc=0x000000010ec0a2bc method=java.util.concurrent.ConcurrentHashMap.putVal(Ljava/lang/Object;Ljava/lang/Object;Z)Ljava/lang/Object; @ 331
Event: 2395.143 Thread 0x00007fb222a55800 Uncommon trap: reason=unstable_if action=reinterpret pc=0x000000010ed4a684 method=com.android.dx.ssa.SsaMethod.makeExitBlock()V @ 103

Internal exceptions (10 events):
Event: 2363.218 Thread 0x00007fb2234eb800 Implicit null exception at 0x000000010e29812c to 0x000000010e298411
Event: 2370.062 Thread 0x00007fb223626000 Exception <a 'sun/nio/fs/UnixException'> (0x00000007a05eeba0) thrown at [/Volumes/Android_AOSP/AOSP-openjdk/external/jetbrains/jdk/hotspot/src/share/vm/prims/jni.cpp, line 709]
Event: 2372.747 Thread 0x00007fb224c6d000 Exception <a 'sun/nio/fs/UnixException'> (0x00000007a336f760) thrown at [/Volumes/Android_AOSP/AOSP-openjdk/external/jetbrains/jdk/hotspot/src/share/vm/prims/jni.cpp, line 709]
Event: 2374.742 Thread 0x00007fb225a9b800 Implicit null exception at 0x000000010d294dc8 to 0x000000010d2957bd
Event: 2384.943 Thread 0x00007fb223626000 Exception <a 'sun/nio/fs/UnixException'> (0x00000007a6b7e440) thrown at [/Volumes/Android_AOSP/AOSP-openjdk/external/jetbrains/jdk/hotspot/src/share/vm/prims/jni.cpp, line 709]
Event: 2385.301 Thread 0x00007fb224c6d000 Exception <a 'sun/nio/fs/UnixException'> (0x00000007a8ec5630) thrown at [/Volumes/Android_AOSP/AOSP-openjdk/external/jetbrains/jdk/hotspot/src/share/vm/prims/jni.cpp, line 709]
Event: 2385.420 Thread 0x00007fb224c6d000 Exception <a 'sun/nio/fs/UnixException'> (0x00000007a9a61d78) thrown at [/Volumes/Android_AOSP/AOSP-openjdk/external/jetbrains/jdk/hotspot/src/share/vm/prims/jni.cpp, line 709]
Event: 2388.627 Thread 0x00007fb224c6d000 Exception <a 'sun/nio/fs/UnixException'> (0x00000007a4a44798) thrown at [/Volumes/Android_AOSP/AOSP-openjdk/external/jetbrains/jdk/hotspot/src/share/vm/prims/jni.cpp, line 709]
Event: 2392.634 Thread 0x00007fb224c6d000 Exception <a 'sun/nio/fs/UnixException'> (0x00000007a3005e98) thrown at [/Volumes/Android_AOSP/AOSP-openjdk/external/jetbrains/jdk/hotspot/src/share/vm/prims/jni.cpp, line 709]
Event: 2394.871 Thread 0x00007fb223626000 Exception <a 'sun/nio/fs/UnixException'> (0x00000007a5c5d570) thrown at [/Volumes/Android_AOSP/AOSP-openjdk/external/jetbrains/jdk/hotspot/src/share/vm/prims/jni.cpp, line 709]

Events (10 events):
Event: 2396.878 Executing VM operation: RevokeBias done
Event: 2396.890 Thread 0x00007fb224cfc000 DEOPT PACKING pc=0x000000010e6c6ef2 sp=0x00007000022fecc0
Event: 2396.890 Thread 0x00007fb224cfc000 DEOPT UNPACKING pc=0x000000010cc46f73 sp=0x00007000022fea48 mode 0
Event: 2396.891 Thread 0x00007fb224cfc000 DEOPT PACKING pc=0x000000010e6c6ef2 sp=0x00007000022fecc0
Event: 2396.891 Thread 0x00007fb224cfc000 DEOPT UNPACKING pc=0x000000010cc46f73 sp=0x00007000022fea48 mode 0
Event: 2396.901 Thread 0x00007fb22327e800 DEOPT PACKING pc=0x000000010e06a73c sp=0x00007000019603f0
Event: 2396.901 Thread 0x00007fb22327e800 DEOPT UNPACKING pc=0x000000010cc46f73 sp=0x0000700001960138 mode 0
Event: 2396.902 Thread 0x00007fb225bfa000 DEOPT PACKING pc=0x000000010e6c6ef2 sp=0x00007000020f8cc0
Event: 2396.902 Thread 0x00007fb225bfa000 DEOPT UNPACKING pc=0x000000010cc46f73 sp=0x00007000020f8a48 mode 0
Event: 2397.009 Executing VM operation: RevokeBias


Dynamic libraries:
0x0000000009c14000 	/System/Library/Frameworks/Cocoa.framework/Versions/A/Cocoa
0x0000000009c14000 	/System/Library/Frameworks/Security.framework/Versions/A/Security
0x0000000009c14000 	/System/Library/Frameworks/ApplicationServices.framework/Versions/A/ApplicationServices
0x0000000009c14000 	/usr/lib/libz.1.dylib
0x0000000009c14000 	/usr/lib/libSystem.B.dylib
0x0000000009c14000 	/usr/lib/libobjc.A.dylib
0x0000000009c14000 	/System/Library/Frameworks/Foundation.framework/Versions/C/Foundation
0x0000000009c14000 	/System/Library/Frameworks/CoreFoundation.framework/Versions/A/CoreFoundation
0x0000000009c14000 	/System/Library/Frameworks/AppKit.framework/Versions/C/AppKit
0x0000000009c14000 	/System/Library/Frameworks/CoreData.framework/Versions/A/CoreData
0x0000000009c14000 	/System/Library/PrivateFrameworks/RemoteViewServices.framework/Versions/A/RemoteViewServices
0x0000000009c14000 	/System/Library/PrivateFrameworks/UIFoundation.framework/Versions/A/UIFoundation
0x0000000009c14000 	/usr/lib/libScreenReader.dylib
0x0000000009c14000 	/System/Library/Frameworks/Accelerate.framework/Versions/A/Accelerate
0x0000000009c14000 	/System/Library/Frameworks/IOSurface.framework/Versions/A/IOSurface
0x0000000009c14000 	/System/Library/Frameworks/AudioToolbox.framework/Versions/A/AudioToolbox
0x0000000009c14000 	/System/Library/Frameworks/AudioUnit.framework/Versions/A/AudioUnit
0x0000000009c14000 	/System/Library/PrivateFrameworks/DataDetectorsCore.framework/Versions/A/DataDetectorsCore
0x0000000009c14000 	/System/Library/PrivateFrameworks/DesktopServicesPriv.framework/Versions/A/DesktopServicesPriv
0x0000000009c14000 	/System/Library/Frameworks/Carbon.framework/Versions/A/Frameworks/HIToolbox.framework/Versions/A/HIToolbox
0x0000000009c14000 	/System/Library/Frameworks/QuartzCore.framework/Versions/A/QuartzCore
0x0000000009c14000 	/System/Library/Frameworks/Carbon.framework/Versions/A/Frameworks/SpeechRecognition.framework/Versions/A/SpeechRecognition
0x0000000009c14000 	/usr/lib/libauto.dylib
0x0000000009c14000 	/usr/lib/libicucore.A.dylib
0x0000000009c14000 	/usr/lib/libxml2.2.dylib
0x0000000009c14000 	/System/Library/PrivateFrameworks/CoreUI.framework/Versions/A/CoreUI
0x0000000009c14000 	/System/Library/Frameworks/CoreAudio.framework/Versions/A/CoreAudio
0x0000000009c14000 	/System/Library/Frameworks/DiskArbitration.framework/Versions/A/DiskArbitration
0x0000000009c14000 	/usr/lib/liblangid.dylib
0x0000000009c14000 	/System/Library/PrivateFrameworks/MultitouchSupport.framework/Versions/A/MultitouchSupport
0x0000000009c14000 	/System/Library/Frameworks/IOKit.framework/Versions/A/IOKit
0x0000000009c14000 	/usr/lib/libDiagnosticMessagesClient.dylib
0x0000000009c14000 	/System/Library/Frameworks/CoreServices.framework/Versions/A/CoreServices
0x0000000009c14000 	/System/Library/PrivateFrameworks/PerformanceAnalysis.framework/Versions/A/PerformanceAnalysis
0x0000000009c14000 	/System/Library/PrivateFrameworks/GenerationalStorage.framework/Versions/A/GenerationalStorage
0x0000000009c14000 	/System/Library/Frameworks/OpenGL.framework/Versions/A/OpenGL
0x0000000009c14000 	/System/Library/PrivateFrameworks/Sharing.framework/Versions/A/Sharing
0x0000000009c14000 	/System/Library/Frameworks/CoreGraphics.framework/Versions/A/CoreGraphics
0x0000000009c14000 	/System/Library/Frameworks/CoreImage.framework/Versions/A/CoreImage
0x0000000009c14000 	/System/Library/Frameworks/CoreText.framework/Versions/A/CoreText
0x0000000009c14000 	/System/Library/Frameworks/ImageIO.framework/Versions/A/ImageIO
0x0000000009c14000 	/System/Library/PrivateFrameworks/Backup.framework/Versions/A/Backup
0x0000000009c14000 	/usr/lib/libextension.dylib
0x0000000009c14000 	/usr/lib/libarchive.2.dylib
0x0000000009c14000 	/System/Library/Frameworks/CFNetwork.framework/Versions/A/CFNetwork
0x0000000009c14000 	/System/Library/Frameworks/SystemConfiguration.framework/Versions/A/SystemConfiguration
0x0000000009c14000 	/usr/lib/libCRFSuite.dylib
0x0000000009c14000 	/usr/lib/libc++.1.dylib
0x0000000009c14000 	/usr/lib/libc++abi.dylib
0x0000000009c14000 	/usr/lib/system/libcache.dylib
0x0000000009c14000 	/usr/lib/system/libcommonCrypto.dylib
0x0000000009c14000 	/usr/lib/system/libcompiler_rt.dylib
0x0000000009c14000 	/usr/lib/system/libcopyfile.dylib
0x0000000009c14000 	/usr/lib/system/libcorecrypto.dylib
0x0000000009c14000 	/usr/lib/system/libdispatch.dylib
0x0000000009c14000 	/usr/lib/system/libdyld.dylib
0x0000000009c14000 	/usr/lib/system/libkeymgr.dylib
0x0000000009c14000 	/usr/lib/system/liblaunch.dylib
0x0000000009c14000 	/usr/lib/system/libmacho.dylib
0x0000000009c14000 	/usr/lib/system/libquarantine.dylib
0x0000000009c14000 	/usr/lib/system/libremovefile.dylib
0x0000000009c14000 	/usr/lib/system/libsystem_asl.dylib
0x0000000009c14000 	/usr/lib/system/libsystem_blocks.dylib
0x0000000009c14000 	/usr/lib/system/libsystem_c.dylib
0x0000000009c14000 	/usr/lib/system/libsystem_configuration.dylib
0x0000000009c14000 	/usr/lib/system/libsystem_coreservices.dylib
0x0000000009c14000 	/usr/lib/system/libsystem_coretls.dylib
0x0000000009c14000 	/usr/lib/system/libsystem_dnssd.dylib
0x0000000009c14000 	/usr/lib/system/libsystem_info.dylib
0x0000000009c14000 	/usr/lib/system/libsystem_kernel.dylib
0x0000000009c14000 	/usr/lib/system/libsystem_m.dylib
0x0000000009c14000 	/usr/lib/system/libsystem_malloc.dylib
0x0000000009c14000 	/usr/lib/system/libsystem_network.dylib
0x0000000009c14000 	/usr/lib/system/libsystem_networkextension.dylib
0x0000000009c14000 	/usr/lib/system/libsystem_notify.dylib
0x0000000009c14000 	/usr/lib/system/libsystem_platform.dylib
0x0000000009c14000 	/usr/lib/system/libsystem_pthread.dylib
0x0000000009c14000 	/usr/lib/system/libsystem_sandbox.dylib
0x0000000009c14000 	/usr/lib/system/libsystem_secinit.dylib
0x0000000009c14000 	/usr/lib/system/libsystem_trace.dylib
0x0000000009c14000 	/usr/lib/system/libunc.dylib
0x0000000009c14000 	/usr/lib/system/libunwind.dylib
0x0000000009c14000 	/usr/lib/system/libxpc.dylib
0x0000000009c14000 	/usr/lib/libenergytrace.dylib
0x0000000009c14000 	/usr/lib/libbsm.0.dylib
0x0000000009c14000 	/usr/lib/system/libkxld.dylib
0x0000000009c14000 	/usr/lib/libxar.1.dylib
0x0000000009c14000 	/usr/lib/libsqlite3.dylib
0x0000000009c14000 	/usr/lib/libpam.2.dylib
0x0000000009c14000 	/usr/lib/libOpenScriptingUtil.dylib
0x0000000009c14000 	/usr/lib/libbz2.1.0.dylib
0x0000000009c14000 	/usr/lib/liblzma.5.dylib
0x0000000009c14000 	/System/Library/Frameworks/CoreServices.framework/Versions/A/Frameworks/FSEvents.framework/Versions/A/FSEvents
0x0000000009c14000 	/System/Library/Frameworks/CoreServices.framework/Versions/A/Frameworks/CarbonCore.framework/Versions/A/CarbonCore
0x0000000009c14000 	/System/Library/Frameworks/CoreServices.framework/Versions/A/Frameworks/Metadata.framework/Versions/A/Metadata
0x0000000009c14000 	/System/Library/Frameworks/CoreServices.framework/Versions/A/Frameworks/OSServices.framework/Versions/A/OSServices
0x0000000009c14000 	/System/Library/Frameworks/CoreServices.framework/Versions/A/Frameworks/SearchKit.framework/Versions/A/SearchKit
0x0000000009c14000 	/System/Library/Frameworks/CoreServices.framework/Versions/A/Frameworks/AE.framework/Versions/A/AE
0x0000000009c14000 	/System/Library/Frameworks/CoreServices.framework/Versions/A/Frameworks/LaunchServices.framework/Versions/A/LaunchServices
0x0000000009c14000 	/System/Library/Frameworks/CoreServices.framework/Versions/A/Frameworks/DictionaryServices.framework/Versions/A/DictionaryServices
0x0000000009c14000 	/System/Library/Frameworks/CoreServices.framework/Versions/A/Frameworks/SharedFileList.framework/Versions/A/SharedFileList
0x0000000009c14000 	/System/Library/Frameworks/NetFS.framework/Versions/A/NetFS
0x0000000009c14000 	/System/Library/PrivateFrameworks/NetAuth.framework/Versions/A/NetAuth
0x0000000009c14000 	/System/Library/PrivateFrameworks/login.framework/Versions/A/Frameworks/loginsupport.framework/Versions/A/loginsupport
0x0000000009c14000 	/System/Library/PrivateFrameworks/TCC.framework/Versions/A/TCC
0x0000000009c14000 	/usr/lib/libmecabra.dylib
0x0000000009c14000 	/System/Library/Frameworks/ApplicationServices.framework/Versions/A/Frameworks/ATS.framework/Versions/A/ATS
0x0000000009c14000 	/System/Library/Frameworks/ApplicationServices.framework/Versions/A/Frameworks/ColorSync.framework/Versions/A/ColorSync
0x0000000009c14000 	/System/Library/Frameworks/ApplicationServices.framework/Versions/A/Frameworks/HIServices.framework/Versions/A/HIServices
0x0000000009c14000 	/System/Library/Frameworks/ApplicationServices.framework/Versions/A/Frameworks/LangAnalysis.framework/Versions/A/LangAnalysis
0x0000000009c14000 	/System/Library/Frameworks/ApplicationServices.framework/Versions/A/Frameworks/PrintCore.framework/Versions/A/PrintCore
0x0000000009c14000 	/System/Library/Frameworks/ApplicationServices.framework/Versions/A/Frameworks/QD.framework/Versions/A/QD
0x0000000009c14000 	/System/Library/Frameworks/ApplicationServices.framework/Versions/A/Frameworks/SpeechSynthesis.framework/Versions/A/SpeechSynthesis
0x0000000009c14000 	/System/Library/Frameworks/Metal.framework/Versions/A/Metal
0x0000000009c14000 	/System/Library/Frameworks/Accelerate.framework/Versions/A/Frameworks/vImage.framework/Versions/A/vImage
0x0000000009c14000 	/System/Library/Frameworks/Accelerate.framework/Versions/A/Frameworks/vecLib.framework/Versions/A/vecLib
0x0000000009c14000 	/System/Library/Frameworks/Accelerate.framework/Versions/A/Frameworks/vecLib.framework/Versions/A/libvDSP.dylib
0x0000000009c14000 	/System/Library/Frameworks/Accelerate.framework/Versions/A/Frameworks/vecLib.framework/Versions/A/libvMisc.dylib
0x0000000009c14000 	/System/Library/Frameworks/Accelerate.framework/Versions/A/Frameworks/vecLib.framework/Versions/A/libLAPACK.dylib
0x0000000009c14000 	/System/Library/Frameworks/Accelerate.framework/Versions/A/Frameworks/vecLib.framework/Versions/A/libBLAS.dylib
0x0000000009c14000 	/System/Library/Frameworks/Accelerate.framework/Versions/A/Frameworks/vecLib.framework/Versions/A/libLinearAlgebra.dylib
0x0000000009c14000 	/System/Library/Frameworks/Accelerate.framework/Versions/A/Frameworks/vecLib.framework/Versions/A/libSparseBLAS.dylib
0x0000000009c14000 	/System/Library/PrivateFrameworks/GPUCompiler.framework/libmetal_timestamp.dylib
0x0000000009c14000 	/System/Library/Frameworks/OpenGL.framework/Versions/A/Libraries/libCoreFSCache.dylib
0x0000000009c14000 	/System/Library/PrivateFrameworks/IOAccelerator.framework/Versions/A/IOAccelerator
0x0000000009c14000 	/System/Library/Frameworks/ApplicationServices.framework/Versions/A/Frameworks/ATS.framework/Versions/A/Resources/libFontParser.dylib
0x0000000009c14000 	/System/Library/Frameworks/ApplicationServices.framework/Versions/A/Frameworks/ATS.framework/Versions/A/Resources/libFontRegistry.dylib
0x0000000009c14000 	/System/Library/PrivateFrameworks/AppleVPA.framework/Versions/A/AppleVPA
0x0000000009c14000 	/System/Library/PrivateFrameworks/AppleJPEG.framework/Versions/A/AppleJPEG
0x0000000009c14000 	/System/Library/Frameworks/ImageIO.framework/Versions/A/Resources/libJPEG.dylib
0x0000000009c14000 	/System/Library/Frameworks/ImageIO.framework/Versions/A/Resources/libTIFF.dylib
0x0000000009c14000 	/System/Library/Frameworks/ImageIO.framework/Versions/A/Resources/libPng.dylib
0x0000000009c14000 	/System/Library/Frameworks/ImageIO.framework/Versions/A/Resources/libGIF.dylib
0x0000000009c14000 	/System/Library/Frameworks/ImageIO.framework/Versions/A/Resources/libJP2.dylib
0x0000000009c14000 	/System/Library/Frameworks/ImageIO.framework/Versions/A/Resources/libRadiance.dylib
0x0000000009c14000 	/System/Library/Frameworks/CoreVideo.framework/Versions/A/CoreVideo
0x0000000009c14000 	/System/Library/Frameworks/OpenGL.framework/Versions/A/Libraries/libGLU.dylib
0x0000000009c14000 	/System/Library/Frameworks/OpenGL.framework/Versions/A/Libraries/libGFXShared.dylib
0x0000000009c14000 	/System/Library/Frameworks/OpenGL.framework/Versions/A/Libraries/libGL.dylib
0x0000000009c14000 	/System/Library/Frameworks/OpenGL.framework/Versions/A/Libraries/libGLImage.dylib
0x0000000009c14000 	/System/Library/Frameworks/OpenGL.framework/Versions/A/Libraries/libCVMSPluginSupport.dylib
0x0000000009c14000 	/System/Library/Frameworks/OpenGL.framework/Versions/A/Libraries/libCoreVMClient.dylib
0x0000000009c14000 	/usr/lib/libcompression.dylib
0x0000000009c14000 	/usr/lib/libcups.2.dylib
0x0000000009c14000 	/System/Library/Frameworks/Kerberos.framework/Versions/A/Kerberos
0x0000000009c14000 	/System/Library/Frameworks/GSS.framework/Versions/A/GSS
0x0000000009c14000 	/usr/lib/libresolv.9.dylib
0x0000000009c14000 	/usr/lib/libiconv.2.dylib
0x0000000009c14000 	/System/Library/PrivateFrameworks/Heimdal.framework/Versions/A/Heimdal
0x0000000009c14000 	/usr/lib/libheimdal-asn1.dylib
0x0000000009c14000 	/System/Library/Frameworks/OpenDirectory.framework/Versions/A/OpenDirectory
0x0000000009c14000 	/System/Library/PrivateFrameworks/CommonAuth.framework/Versions/A/CommonAuth
0x0000000009c14000 	/System/Library/Frameworks/OpenDirectory.framework/Versions/A/Frameworks/CFOpenDirectory.framework/Versions/A/CFOpenDirectory
0x0000000009c14000 	/System/Library/Frameworks/SecurityFoundation.framework/Versions/A/SecurityFoundation
0x0000000009c14000 	/System/Library/PrivateFrameworks/LanguageModeling.framework/Versions/A/LanguageModeling
0x0000000009c14000 	/usr/lib/libmarisa.dylib
0x0000000009c14000 	/usr/lib/libChineseTokenizer.dylib
0x0000000009c14000 	/usr/lib/libcmph.dylib
0x0000000009c14000 	/System/Library/Frameworks/ServiceManagement.framework/Versions/A/ServiceManagement
0x0000000009c14000 	/usr/lib/libxslt.1.dylib
0x0000000009c14000 	/System/Library/Frameworks/Carbon.framework/Versions/A/Frameworks/Ink.framework/Versions/A/Ink
0x0000000009c14000 	/usr/lib/libFosl_dynamic.dylib
0x0000000009c14000 	/System/Library/PrivateFrameworks/FaceCore.framework/Versions/A/FaceCore
0x0000000009c14000 	/System/Library/Frameworks/OpenCL.framework/Versions/A/OpenCL
0x0000000009c14000 	/System/Library/PrivateFrameworks/CrashReporterSupport.framework/Versions/A/CrashReporterSupport
0x0000000009c14000 	/System/Library/PrivateFrameworks/IconServices.framework/Versions/A/IconServices
0x0000000009c14000 	/System/Library/PrivateFrameworks/Apple80211.framework/Versions/A/Apple80211
0x0000000009c14000 	/System/Library/Frameworks/CoreWLAN.framework/Versions/A/CoreWLAN
0x0000000009c14000 	/System/Library/Frameworks/IOBluetooth.framework/Versions/A/IOBluetooth
0x0000000009c14000 	/System/Library/PrivateFrameworks/CoreWiFi.framework/Versions/A/CoreWiFi
0x0000000009c14000 	/System/Library/Frameworks/CoreBluetooth.framework/Versions/A/CoreBluetooth
0x0000000009c14000 	/System/Library/PrivateFrameworks/ChunkingLibrary.framework/Versions/A/ChunkingLibrary
0x0000000009c14000 	/System/Library/PrivateFrameworks/DebugSymbols.framework/Versions/A/DebugSymbols
0x0000000009c14000 	/System/Library/PrivateFrameworks/CoreSymbolication.framework/Versions/A/CoreSymbolication
0x0000000009c14000 	/System/Library/PrivateFrameworks/Symbolication.framework/Versions/A/Symbolication
0x0000000009c14000 	/System/Library/PrivateFrameworks/SpeechRecognitionCore.framework/Versions/A/SpeechRecognitionCore
0x00000000512f2000 	/System/Library/CoreServices/Encodings/libJapaneseConverter.dylib
0x000000010bc44000 	/Applications/Android Studio.app/Contents/jre/jdk/Contents/Home/jre/lib/server/libjvm.dylib
0x0000000009c14000 	/usr/lib/libstdc++.6.dylib
0x000000010c73e000 	/Applications/Android Studio.app/Contents/jre/jdk/Contents/Home/jre/lib/libverify.dylib
0x000000010c74b000 	/Applications/Android Studio.app/Contents/jre/jdk/Contents/Home/jre/lib/libjava.dylib
0x000000010c78a000 	/Applications/Android Studio.app/Contents/jre/jdk/Contents/Home/jre/lib/libzip.dylib
0x0000000120bfd000 	/System/Library/Frameworks/JavaVM.framework/Frameworks/JavaRuntimeSupport.framework/JavaRuntimeSupport
0x0000000120c18000 	/System/Library/Frameworks/JavaVM.framework/Versions/A/Frameworks/JavaNativeFoundation.framework/Versions/A/JavaNativeFoundation
0x0000000120c2d000 	/System/Library/Frameworks/JavaVM.framework/Versions/A/JavaVM
0x0000000009c14000 	/System/Library/Frameworks/Carbon.framework/Versions/A/Carbon
0x0000000120c3a000 	/System/Library/PrivateFrameworks/JavaLaunching.framework/Versions/A/JavaLaunching
0x0000000009c14000 	/System/Library/Frameworks/Carbon.framework/Versions/A/Frameworks/CommonPanels.framework/Versions/A/CommonPanels
0x0000000009c14000 	/System/Library/Frameworks/Carbon.framework/Versions/A/Frameworks/Help.framework/Versions/A/Help
0x0000000009c14000 	/System/Library/Frameworks/Carbon.framework/Versions/A/Frameworks/ImageCapture.framework/Versions/A/ImageCapture
0x0000000009c14000 	/System/Library/Frameworks/Carbon.framework/Versions/A/Frameworks/OpenScripting.framework/Versions/A/OpenScripting
0x0000000009c14000 	/System/Library/Frameworks/Carbon.framework/Versions/A/Frameworks/Print.framework/Versions/A/Print
0x0000000009c14000 	/System/Library/Frameworks/Carbon.framework/Versions/A/Frameworks/SecurityHI.framework/Versions/A/SecurityHI
0x0000000122ac5000 	/Applications/Android Studio.app/Contents/jre/jdk/Contents/Home/jre/lib/libnet.dylib
0x0000000122adc000 	/Applications/Android Studio.app/Contents/jre/jdk/Contents/Home/jre/lib/libnio.dylib
0x0000000122aec000 	/Users/yuma/.gradle/native/23/osx-amd64/libnative-platform.dylib
0x0000000122ed9000 	/Applications/Android Studio.app/Contents/jre/jdk/Contents/Home/jre/lib/libmanagement.dylib

VM Arguments:
jvm_args: -Xmx1536m -Dfile.encoding=UTF-8 -Duser.country=JP -Duser.language=ja -Duser.variant 
java_command: org.gradle.launcher.daemon.bootstrap.GradleDaemon 3.3
java_class_path (initial): /Users/yuma/.gradle/wrapper/dists/gradle-3.3-all/55gk2rcmfc6p2dg9u9ohc3hw9/gradle-3.3/lib/gradle-launcher-3.3.jar
Launcher Type: SUN_STANDARD

Environment Variables:
PATH=/usr/bin:/bin:/usr/sbin:/sbin
SHELL=/usr/local/bin/fish
DISPLAY=/private/tmp/com.apple.launchd.BLamdaEev4/org.macosforge.xquartz:0

Signal Handlers:
SIGSEGV: [libjvm.dylib+0x57e9cd], sa_mask[0]=11111111011111110111111111111111, sa_flags=SA_ONSTACK|SA_RESTART|SA_SIGINFO
SIGBUS: [libjvm.dylib+0x57e9cd], sa_mask[0]=11111111011111110111111111111111, sa_flags=SA_RESTART|SA_SIGINFO
SIGFPE: [libjvm.dylib+0x45951c], sa_mask[0]=11111111011111110111111111111111, sa_flags=SA_RESTART|SA_SIGINFO
SIGPIPE: [libjvm.dylib+0x45951c], sa_mask[0]=11111111011111110111111111111111, sa_flags=SA_RESTART|SA_SIGINFO
SIGXFSZ: [libjvm.dylib+0x45951c], sa_mask[0]=11111111011111110111111111111111, sa_flags=SA_RESTART|SA_SIGINFO
SIGILL: [libjvm.dylib+0x45951c], sa_mask[0]=11111111011111110111111111111111, sa_flags=SA_RESTART|SA_SIGINFO
SIGUSR1: SIG_DFL, sa_mask[0]=00000000000000000000000000000000, sa_flags=none
SIGUSR2: [libjvm.dylib+0x45903a], sa_mask[0]=00100000000000000000000000000000, sa_flags=SA_RESTART|SA_SIGINFO
SIGHUP: [libjvm.dylib+0x457611], sa_mask[0]=11111111011111110111111111111111, sa_flags=SA_RESTART|SA_SIGINFO
SIGINT: [libjvm.dylib+0x457611], sa_mask[0]=11111111011111110111111111111111, sa_flags=SA_RESTART|SA_SIGINFO
SIGTERM: [libjvm.dylib+0x457611], sa_mask[0]=11111111011111110111111111111111, sa_flags=SA_RESTART|SA_SIGINFO
SIGQUIT: [libjvm.dylib+0x457611], sa_mask[0]=11111111011111110111111111111111, sa_flags=SA_RESTART|SA_SIGINFO


---------------  S Y S T E M  ---------------

OS:Bsduname:Darwin 15.6.0 Darwin Kernel Version 15.6.0: Thu Jun 23 18:25:34 PDT 2016; root:xnu-3248.60.10~1/RELEASE_X86_64 x86_64
rlimit: STACK 8192k, CORE 0k, NPROC 709, NOFILE 10240, AS infinity
load average:89.46 42.76 30.82

CPU:total 2 (2 cores per cpu, 1 threads per core) family 6 model 23 stepping 6, cmov, cx8, fxsr, mmx, sse, sse2, sse3, ssse3, sse4.1, tsc

Memory: 4k page, physical 4194304k(22296k free)

/proc/meminfo:


vm_info: OpenJDK 64-Bit Server VM (25.112-b06) for bsd-amd64 JRE (1.8.0_112-release-b06), built on Dec  6 2016 12:18:58 by "builder" with gcc 4.2.1 (Based on Apple Inc. build 5658) (LLVM build 2336.11.00)

time: Fri May 19 14:24:49 2017
elapsed time: 2401 seconds (0d 0h 40m 1s)

